Build started 2016/2/1 下午 07:04:33.
     1>Project "D:\code\c++\coco\coco\coco\coco.vcxproj" on node 2 (build target(s)).
     1>InitializeBuildStatus:
         Touching "Debug\coco.unsuccessfulbuild".
       ClCompile:
         All outputs are up-to-date.
         C:\Program Files (x86)\Microsoft Visual Studio 10.0\VC\bin\CL.exe /c /ZI /nologo /W3 /WX- /Od /Oy- /D WIN32 /D _DEBUG /D _CONSOLE /D _UNICODE /D UNICODE /Gm /EHsc /RTC1 /MDd /GS /fp:precise /Zc:wchar_t /Zc:forScope /Yu"StdAfx.h" /Fp"Debug\coco.pch" /Fo"Debug\\" /Fd"Debug\vc100.pdb" /Gd /TP /analyze- /errorReport:prompt coco.cpp
         coco.cpp
     1>d:\code\c++\coco\coco\coco\coco.cpp(11): error C3861: 'system': 找不到識別項
     1>Done Building Project "D:\code\c++\coco\coco\coco\coco.vcxproj" (build target(s)) -- FAILED.

建置失敗。

Time Elapsed 00:00:00.09
